<?xml version="1.0" encoding="UTF-8"?>
<!-- Generated by org.testng.reporters.JUnitXMLReporter -->
<testsuite ignored="0" hostname="Meghanas-MacBook-Pro.local" failures="0" tests="2" name="Default test" time="90.449" errors="0" timestamp="2024-08-28T13:20:35 PDT">
  <testcase classname="testCases.Testcases" name="guestCheckoutUingDirectBanckTransfer" time="34.21"/>
  <testcase classname="testCases.Testcases" name="loginGuestCheckoutUingDirectBanckTransfer" time="35.584"/>
</testsuite> <!-- Default test -->
