<?xml version="1.0" encoding="UTF-8"?>
<!-- Generated by org.testng.reporters.JUnitXMLReporter -->
<testsuite ignored="0" hostname="Meghanas-MacBook-Pro.local" failures="0" tests="2" name="CHROME" time="151.754" errors="0" timestamp="2024-09-05T12:18:22 PDT">
  <testcase classname="testCases.Testcases" name="guestCheckoutUingDirectBanckTransfer" time="78.112"/>
  <testcase classname="testCases.Testcases" name="loginGuestCheckoutUingDirectBanckTransfer" time="82.821"/>
</testsuite> <!-- CHROME -->
