<?xml version="1.0" encoding="UTF-8"?>
<!-- Generated by org.testng.reporters.JUnitXMLReporter -->
<testsuite ignored="0" hostname="Meghanas-MacBook-Pro.local" failures="0" tests="2" name="CHROME" time="31.991" errors="0" timestamp="2024-09-05T12:27:45 PDT">
  <testcase classname="testCases.Testcases" name="guestCheckoutUingDirectBanckTransfer" time="20.314"/>
  <testcase classname="testCases.Testcases" name="loginGuestCheckoutUingDirectBanckTransfer" time="21.69"/>
</testsuite> <!-- CHROME -->
